2013.7.3 (initialize)
	基本用户功能的实现
		用户注册：提供 用户名 密码 手机 邮箱 学号
		上传书本：
			1. 提供 书名 作者 出版社 图片 ISBN 原价 售价 图书分类 简介 是否愿意自行出售
			2. 记录 用户的愿意自行出售 选项
			3. 豆瓣API的 图片搜索功能 以及 ISBN搜索功能
		搜索未使用query string

	管理员功能的实现


	数据库
		CREATE TABLE `book` (
		  `id` int(11) NOT NULL AUTO_INCREMENT,
		  `name` varchar(128) NOT NULL,
		  `author` varchar(128) NOT NULL,
		  `price` double DEFAULT NULL,
		  `publisher` varchar(32) NOT NULL,
		  `ISBN` varchar(32) NOT NULL,
		  `description` text NOT NULL,
		  `uploader` varchar(20) NOT NULL,
		  `subscriber` varchar(20) NOT NULL DEFAULT 'N',
		  `originprice` double NOT NULL,
		  `subscribetime` datetime NOT NULL,
		  `finishtime` datetime NOT NULL,
		  `img` longblob NOT NULL,
		  `hasimg` tinyint(1) NOT NULL,
		  `class` varchar(256) DEFAULT NULL,
		  `show_phone` tinyint(1) NOT NULL,
		  `use_phone` tinyint(1) NOT NULL,
		  `del` tinyint(1) NOT NULL,
		  `deltime` datetime NOT NULL,
		  PRIMARY KEY (`id`)
		) ENGINE=InnoDB DEFAULT CHARSET=utf8;

		CREATE TABLE `book_collect` (
		  `bc_id` int(10) unsigned NOT NULL AUTO_INCREMENT,
		  `title` varchar(128) NOT NULL,
		  `author` varchar(128) NOT NULL,
		  `translator` varchar(128) NOT NULL,
		  `price` varchar(50) DEFAULT NULL,
		  `publisher` varchar(32) NOT NULL,
		  `pubdate` varchar(32) NOT NULL,
		  `ISBN` varchar(32) NOT NULL,
		  `img` longblob NOT NULL,
		  PRIMARY KEY (`bc_id`),
		  KEY `ISBN` (`ISBN`)
		) ENGINE=InnoDB DEFAULT CHARSET=utf8;

		CREATE TABLE `book_search` (
		  `bs_id` int(10) unsigned NOT NULL AUTO_INCREMENT,
		  `book_info` varchar(63) DEFAULT NULL,
		  `uploader` varchar(63) DEFAULT NULL,
		  `subscriber` varchar(63) DEFAULT NULL,
		  `no_reserve` tinyint(1) DEFAULT '1',
		  `reserved` tinyint(1) DEFAULT '1',
		  `traded` tinyint(1) DEFAULT '1',
		  `admin_name` varchar(63) NOT NULL,
		  `bs_date` timestamp NOT NULL DEFAULT CURRENT_TIMESTAMP,
		  PRIMARY KEY (`bs_id`)
		) ENGINE=MyISAM DEFAULT CHARSET=utf8;

		CREATE TABLE `user` (
		  `id` int(11) NOT NULL AUTO_INCREMENT,
		  `username` varchar(16) NOT NULL,
		  `password` varchar(32) NOT NULL,
		  `phone` varchar(20) NOT NULL,
		  `email` varchar(100) NOT NULL,
		  `student_number` varchar(10) NOT NULL,
		  `show_phone` tinyint(1) NOT NULL,
		  `dormitory` varchar(128) DEFAULT NULL,
		  `alipay` varchar(128) DEFAULT NULL,
		  PRIMARY KEY (`id`)
		) ENGINE=InnoDB DEFAULT CHARSET=utf8;

		CREATE TABLE `user_search` (
		  `us_id` int(10) unsigned NOT NULL AUTO_INCREMENT,
		  `username` varchar(63) DEFAULT NULL,
		  `phone` varchar(63) DEFAULT NULL,
		  `email` varchar(63) DEFAULT NULL,
		  `student_number` varchar(63) DEFAULT NULL,
		  `order_by_up` tinyint(1) DEFAULT '1',
		  `admin_name` varchar(63) NOT NULL,
		  `us_date` timestamp NOT NULL DEFAULT CURRENT_TIMESTAMP,
		  PRIMARY KEY (`us_id`)
		) ENGINE=MyISAM DEFAULT CHARSET=utf8;
